0 info it worked if it ends with ok
1 verbose cli [ '/usr/bin/nodejs',
1 verbose cli   '/usr/bin/npm',
1 verbose cli   'install',
1 verbose cli   '--save',
1 verbose cli   'bootstrap' ]
2 info using npm@1.3.10
3 info using node@v0.10.25
4 warn package.json angular-todo-app@1.0.0 No repository field.
5 warn package.json angular-todo-app@1.0.0 No README data
6 verbose readDependencies using package.json deps
7 verbose cache add [ 'bootstrap', null ]
8 verbose cache add name=undefined spec="bootstrap" args=["bootstrap",null]
9 verbose parsed url { protocol: null,
9 verbose parsed url   slashes: null,
9 verbose parsed url   auth: null,
9 verbose parsed url   host: null,
9 verbose parsed url   port: null,
9 verbose parsed url   hostname: null,
9 verbose parsed url   hash: null,
9 verbose parsed url   search: null,
9 verbose parsed url   query: null,
9 verbose parsed url   pathname: 'bootstrap',
9 verbose parsed url   path: 'bootstrap',
9 verbose parsed url   href: 'bootstrap' }
10 silly lockFile 3c71cc99-bootstrap bootstrap
11 verbose lock bootstrap /home/luay3128/.npm/3c71cc99-bootstrap.lock
12 silly lockFile 3c71cc99-bootstrap bootstrap
13 silly lockFile 3c71cc99-bootstrap bootstrap
14 verbose addNamed [ 'bootstrap', '' ]
15 verbose addNamed [ null, '*' ]
16 silly lockFile 2571d98f-bootstrap bootstrap@
17 verbose lock bootstrap@ /home/luay3128/.npm/2571d98f-bootstrap.lock
18 silly addNameRange { name: 'bootstrap', range: '*', hasData: false }
19 verbose url raw bootstrap
20 verbose url resolving [ 'https://registry.npmjs.org/', './bootstrap' ]
21 verbose url resolved https://registry.npmjs.org/bootstrap
22 info trying registry request attempt 1 at 15:08:48
23 verbose etag "587569f0-c52e"
24 http GET https://registry.npmjs.org/bootstrap
25 http 304 https://registry.npmjs.org/bootstrap
26 silly registry.get cb [ 304,
26 silly registry.get   { date: 'Fri, 13 Jan 2017 08:08:51 GMT',
26 silly registry.get     via: '1.1 varnish',
26 silly registry.get     'cache-control': 'max-age=300',
26 silly registry.get     etag: '"587569f0-c52e"',
26 silly registry.get     age: '0',
26 silly registry.get     connection: 'keep-alive',
26 silly registry.get     'x-served-by': 'cache-sin6927-SIN',
26 silly registry.get     'x-cache': 'HIT',
26 silly registry.get     'x-cache-hits': '1',
26 silly registry.get     'x-timer': 'S1484294931.758568,VS0,VE195',
26 silly registry.get     vary: 'Accept-Encoding' } ]
27 verbose etag bootstrap from cache
28 silly addNameRange number 2 { name: 'bootstrap', range: '*', hasData: true }
29 silly addNameRange versions [ 'bootstrap',
29 silly addNameRange   [ '0.0.1',
29 silly addNameRange     '0.0.2',
29 silly addNameRange     '3.1.1',
29 silly addNameRange     '3.2.0',
29 silly addNameRange     '3.3.0',
29 silly addNameRange     '3.3.1',
29 silly addNameRange     '3.3.2',
29 silly addNameRange     '3.3.4',
29 silly addNameRange     '3.3.5',
29 silly addNameRange     '3.3.6',
29 silly addNameRange     '4.0.0-alpha.2',
29 silly addNameRange     '3.3.7',
29 silly addNameRange     '4.0.0-alpha.3',
29 silly addNameRange     '4.0.0-alpha.4',
29 silly addNameRange     '4.0.0-alpha.5',
29 silly addNameRange     '4.0.0-alpha.6' ] ]
30 verbose addNamed [ 'bootstrap', '3.3.7' ]
31 verbose addNamed [ '3.3.7', '3.3.7' ]
32 silly lockFile 7976a4e0-bootstrap-3-3-7 bootstrap@3.3.7
33 verbose lock bootstrap@3.3.7 /home/luay3128/.npm/7976a4e0-bootstrap-3-3-7.lock
34 silly lockFile 7976a4e0-bootstrap-3-3-7 bootstrap@3.3.7
35 silly lockFile 7976a4e0-bootstrap-3-3-7 bootstrap@3.3.7
36 silly lockFile 2571d98f-bootstrap bootstrap@
37 silly lockFile 2571d98f-bootstrap bootstrap@
38 silly resolved [ { name: 'bootstrap',
38 silly resolved     description: 'The most popular front-end framework for developing responsive, mobile first projects on the web.',
38 silly resolved     version: '3.3.7',
38 silly resolved     keywords:
38 silly resolved      [ 'css',
38 silly resolved        'less',
38 silly resolved        'mobile-first',
38 silly resolved        'responsive',
38 silly resolved        'front-end',
38 silly resolved        'framework',
38 silly resolved        'web' ],
38 silly resolved     homepage: 'http://getbootstrap.com',
38 silly resolved     author: { name: 'Twitter, Inc.' },
38 silly resolved     scripts:
38 silly resolved      { 'change-version': 'node grunt/change-version.js',
38 silly resolved        'update-shrinkwrap': 'npm shrinkwrap --dev && shx mv ./npm-shrinkwrap.json ./grunt/npm-shrinkwrap.json',
38 silly resolved        test: 'grunt test' },
38 silly resolved     style: 'dist/css/bootstrap.css',
38 silly resolved     less: 'less/bootstrap.less',
38 silly resolved     main: './dist/js/npm',
38 silly resolved     repository: { type: 'git', url: 'https://github.com/twbs/bootstrap.git' },
38 silly resolved     bugs: { url: 'https://github.com/twbs/bootstrap/issues' },
38 silly resolved     license: 'MIT',
38 silly resolved     devDependencies:
38 silly resolved      { btoa: '~1.1.2',
38 silly resolved        glob: '~7.0.3',
38 silly resolved        grunt: '~1.0.1',
38 silly resolved        'grunt-autoprefixer': '~3.0.4',
38 silly resolved        'grunt-contrib-clean': '~1.0.0',
38 silly resolved        'grunt-contrib-compress': '~1.3.0',
38 silly resolved        'grunt-contrib-concat': '~1.0.0',
38 silly resolved        'grunt-contrib-connect': '~1.0.0',
38 silly resolved        'grunt-contrib-copy': '~1.0.0',
38 silly resolved        'grunt-contrib-csslint': '~1.0.0',
38 silly resolved        'grunt-contrib-cssmin': '~1.0.0',
38 silly resolved        'grunt-contrib-htmlmin': '~1.5.0',
38 silly resolved        'grunt-contrib-jshint': '~1.0.0',
38 silly resolved        'grunt-contrib-less': '~1.3.0',
38 silly resolved        'grunt-contrib-pug': '~1.0.0',
38 silly resolved        'grunt-contrib-qunit': '~0.7.0',
38 silly resolved        'grunt-contrib-uglify': '~1.0.0',
38 silly resolved        'grunt-contrib-watch': '~1.0.0',
38 silly resolved        'grunt-csscomb': '~3.1.0',
38 silly resolved        'grunt-exec': '~1.0.0',
38 silly resolved        'grunt-html': '~8.0.1',
38 silly resolved        'grunt-jekyll': '~0.4.4',
38 silly resolved        'grunt-jscs': '~3.0.1',
38 silly resolved        'grunt-saucelabs': '~9.0.0',
38 silly resolved        'load-grunt-tasks': '~3.5.0',
38 silly resolved        'markdown-it': '^7.0.0',
38 silly resolved        shelljs: '^0.7.0',
38 silly resolved        shx: '^0.1.2',
38 silly resolved        'time-grunt': '^1.3.0' },
38 silly resolved     engines: { node: '>=0.10.1' },
38 silly resolved     files:
38 silly resolved      [ 'dist',
38 silly resolved        'fonts',
38 silly resolved        'grunt',
38 silly resolved        'js/*.js',
38 silly resolved        'less/**/*.less',
38 silly resolved        'Gruntfile.js',
38 silly resolved        'LICENSE' ],
38 silly resolved     jspm: { main: 'js/bootstrap', shim: [Object], files: [Object] },
38 silly resolved     readme: '# [Bootstrap](http://getbootstrap.com)\n\n[![Slack](https://bootstrap-slack.herokuapp.com/badge.svg)](https://bootstrap-slack.herokuapp.com)\n![Bower version](https://img.shields.io/bower/v/bootstrap.svg)\n[![npm version](https://img.shields.io/npm/v/bootstrap.svg)](https://www.npmjs.com/package/bootstrap)\n[![Build Status](https://img.shields.io/travis/twbs/bootstrap/master.svg)](https://travis-ci.org/twbs/bootstrap)\n[![devDependency Status](https://img.shields.io/david/dev/twbs/bootstrap.svg)](https://david-dm.org/twbs/bootstrap#info=devDependencies)\n[![NuGet](https://img.shields.io/nuget/v/bootstrap.svg)](https://www.nuget.org/packages/Bootstrap)\n[![Selenium Test Status](https://saucelabs.com/browser-matrix/bootstrap.svg)](https://saucelabs.com/u/bootstrap)\n\nBootstrap is a sleek, intuitive, and powerful front-end framework for faster and easier web development, created by [Mark Otto](https://twitter.com/mdo) and [Jacob Thornton](https://twitter.com/fat), and maintained by the [core team](https://github.com/orgs/twbs/people) with the massive support and involvement of the community.\n\nTo get started, check out <http://getbootstrap.com>!\n\n\n## Table of contents\n\n* [Quick start](#quick-start)\n* [Bugs and feature requests](#bugs-and-feature-requests)\n* [Documentation](#documentation)\n* [Contributing](#contributing)\n* [Community](#community)\n* [Versioning](#versioning)\n* [Creators](#creators)\n* [Copyright and license](#copyright-and-license)\n\n\n## Quick start\n\nSeveral quick start options are available:\n\n* [Download the latest release](https://github.com/twbs/bootstrap/archive/v3.3.7.zip).\n* Clone the repo: `git clone https://github.com/twbs/bootstrap.git`.\n* Install with [Bower](http://bower.io): `bower install bootstrap`.\n* Install with [npm](https://www.npmjs.com): `npm install bootstrap@3`.\n* Install with [Meteor](https://www.meteor.com): `meteor add twbs:bootstrap`.\n* Install with [Composer](https://getcomposer.org): `composer require twbs/bootstrap`.\n\nRead the [Getting started page](http://getbootstrap.com/getting-started/) for information on the framework contents, templates and examples, and more.\n\n### What\'s included\n\nWithin the download you\'ll find the following directories and files, logically grouping common assets and providing both compiled and minified variations. You\'ll see something like this:\n\n```\nbootstrap/\n├── css/\n│   ├── bootstrap.css\n│   ├── bootstrap.css.map\n│   ├── bootstrap.min.css\n│   ├── bootstrap.min.css.map\n│   ├── bootstrap-theme.css\n│   ├── bootstrap-theme.css.map\n│   ├── bootstrap-theme.min.css\n│   └── bootstrap-theme.min.css.map\n├── js/\n│   ├── bootstrap.js\n│   └── bootstrap.min.js\n└── fonts/\n    ├── glyphicons-halflings-regular.eot\n    ├── glyphicons-halflings-regular.svg\n    ├── glyphicons-halflings-regular.ttf\n    ├── glyphicons-halflings-regular.woff\n    └── glyphicons-halflings-regular.woff2\n```\n\nWe provide compiled CSS and JS (`bootstrap.*`), as well as compiled and minified CSS and JS (`bootstrap.min.*`). CSS [source maps](https://developer.chrome.com/devtools/docs/css-preprocessors) (`bootstrap.*.map`) are available for use with certain browsers\' developer tools. Fonts from Glyphicons are included, as is the optional Bootstrap theme.\n\n\n## Bugs and feature requests\n\nHave a bug or a feature request? Please first read the [issue guidelines](https://github.com/twbs/bootstrap/blob/master/CONTRIBUTING.md#using-the-issue-tracker) and search for existing and closed issues. If your problem or idea is not addressed yet, [please open a new issue](https://github.com/twbs/bootstrap/issues/new).\n\nNote that **feature requests must target [Bootstrap v4](https://github.com/twbs/bootstrap/tree/v4-dev),** because Bootstrap v3 is now in maintenance mode and is closed off to new features. This is so that we can focus our efforts on Bootstrap v4.\n\n\n## Documentation\n\nBootstrap\'s documentation, included in this repo in the root directory, is built with [Jekyll](http://jekyllrb.com) and publicly hosted on GitHub Pages at <http://getbootstrap.com>. The docs may also be run locally.\n\n### Running documentation locally\n\n1. If necessary, [install Jekyll](http://jekyllrb.com/docs/installation) and other Ruby dependencies with `bundle install`.\n   **Note for Windows users:** Read [this unofficial guide](http://jekyll-windows.juthilo.com/) to get Jekyll up and running without problems.\n2. From the root `/bootstrap` directory, run `bundle exec jekyll serve` in the command line.\n4. Open `http://localhost:9001` in your browser, and voilà.\n\nLearn more about using Jekyll by reading its [documentation](http://jekyllrb.com/docs/home/).\n\n### Documentation for previous releases\n\nDocumentation for v2.3.2 has been made available for the time being at <http://getbootstrap.com/2.3.2/> while folks transition to Bootstrap 3.\n\n[Previous releases](https://github.com/twbs/bootstrap/releases) and their documentation are also available for download.\n\n\n## Contributing\n\nPlease read through our [contributing guidelines](https://github.com/twbs/bootstrap/blob/master/CONTRIBUTING.md). Included are directions for opening issues, coding standards, and notes on development.\n\nMoreover, if your pull request contains JavaScript patches or features, you must include [relevant unit tests](https://github.com/twbs/bootstrap/tree/master/js/tests). All HTML and CSS should conform to the [Code Guide](https://github.com/mdo/code-guide), maintained by [Mark Otto](https://github.com/mdo).\n\n**Bootstrap v3 is now closed off to new features.** It has gone into maintenance mode so that we can focus our efforts on [Bootstrap v4](https://github.com/twbs/bootstrap/tree/v4-dev), the future of the framework. Pull requests which add new features (rather than fix bugs) should target [Bootstrap v4 (the `v4-dev` git branch)](https://github.com/twbs/bootstrap/tree/v4-dev) instead.\n\nEditor preferences are available in the [editor config](https://github.com/twbs/bootstrap/blob/master/.editorconfig) for easy use in common text editors. Read more and download plugins at <http://editorconfig.org>.\n\n\n## Community\n\nGet updates on Bootstrap\'s development and chat with the project maintainers and community members.\n\n* Follow [@getbootstrap on Twitter](https://twitter.com/getbootstrap).\n* Read and subscribe to [The Official Bootstrap Blog](http://blog.getbootstrap.com).\n* Join [the official Slack room](https://bootstrap-slack.herokuapp.com).\n* Chat with fellow Bootstrappers in IRC. On the `irc.freenode.net` server, in the `##bootstrap` channel.\n* Implementation help may be found at Stack Overflow (tagged [`twitter-bootstrap-3`](https://stackoverflow.com/questions/tagged/twitter-bootstrap-3)).\n* Developers should use the keyword `bootstrap` on packages which modify or add to the functionality of Bootstrap when distributing through [npm](https://www.npmjs.com/browse/keyword/bootstrap) or similar delivery mechanisms for maximum discoverability.\n\n\n## Versioning\n\nFor transparency into our release cycle and in striving to maintain backward compatibility, Bootstrap is maintained under [the Semantic Versioning guidelines](http://semver.org/). Sometimes we screw up, but we\'ll adhere to those rules whenever possible.\n\nSee [the Releases section of our GitHub project](https://github.com/twbs/bootstrap/releases) for changelogs for each release version of Bootstrap. Release announcement posts on [the official Bootstrap blog](http://blog.getbootstrap.com) contain summaries of the most noteworthy changes made in each release.\n\n\n## Creators\n\n**Mark Otto**\n\n* <https://twitter.com/mdo>\n* <https://github.com/mdo>\n\n**Jacob Thornton**\n\n* <https://twitter.com/fat>\n* <https://github.com/fat>\n\n\n## Copyright and license\n\nCode and documentation copyright 2011-2016 Twitter, Inc. Code released under [the MIT license](https://github.com/twbs/bootstrap/blob/master/LICENSE). Docs released under [Creative Commons](https://github.com/twbs/bootstrap/blob/master/docs/LICENSE).\n',
38 silly resolved     readmeFilename: 'README.md',
38 silly resolved     _id: 'bootstrap@3.3.7',
38 silly resolved     _from: 'bootstrap@' } ]
39 info install bootstrap@3.3.7 into /home/luay3128/Workspaces/NodeJS/angular-todo-app
40 info installOne bootstrap@3.3.7
41 info /home/luay3128/Workspaces/NodeJS/angular-todo-app/node_modules/bootstrap unbuild
42 info preuninstall bootstrap@3.3.7
43 info uninstall bootstrap@3.3.7
44 verbose true,/home/luay3128/Workspaces/NodeJS/angular-todo-app/node_modules,/home/luay3128/Workspaces/NodeJS/angular-todo-app/node_modules unbuild bootstrap@3.3.7
45 info postuninstall bootstrap@3.3.7
46 verbose tar unpack /home/luay3128/.npm/bootstrap/3.3.7/package.tgz
47 silly lockFile c60abd2e--todo-app-node-modules-bootstrap tar:///home/luay3128/Workspaces/NodeJS/angular-todo-app/node_modules/bootstrap
48 verbose lock tar:///home/luay3128/Workspaces/NodeJS/angular-todo-app/node_modules/bootstrap /home/luay3128/.npm/c60abd2e--todo-app-node-modules-bootstrap.lock
49 silly lockFile a5c9cb36--npm-bootstrap-3-3-7-package-tgz tar:///home/luay3128/.npm/bootstrap/3.3.7/package.tgz
50 verbose lock tar:///home/luay3128/.npm/bootstrap/3.3.7/package.tgz /home/luay3128/.npm/a5c9cb36--npm-bootstrap-3-3-7-package-tgz.lock
51 silly gunzTarPerm modes [ '755', '644' ]
52 silly gunzTarPerm extractEntry package.json
53 silly gunzTarPerm extractEntry README.md
54 silly gunzTarPerm extractEntry LICENSE
55 silly gunzTarPerm extractEntry Gruntfile.js
56 silly gunzTarPerm extractEntry dist/css/bootstrap-theme.css
57 silly gunzTarPerm extractEntry dist/css/bootstrap-theme.css.map
58 silly gunzTarPerm extractEntry dist/css/bootstrap-theme.min.css
59 silly gunzTarPerm extractEntry dist/css/bootstrap-theme.min.css.map
60 silly gunzTarPerm extractEntry dist/css/bootstrap.css
61 silly gunzTarPerm extractEntry dist/css/bootstrap.css.map
62 silly gunzTarPerm extractEntry dist/css/bootstrap.min.css
63 silly gunzTarPerm extractEntry dist/css/bootstrap.min.css.map
64 silly gunzTarPerm extractEntry dist/fonts/glyphicons-halflings-regular.eot
65 silly gunzTarPerm extractEntry dist/fonts/glyphicons-halflings-regular.svg
66 silly gunzTarPerm extractEntry dist/fonts/glyphicons-halflings-regular.ttf
67 silly gunzTarPerm extractEntry dist/fonts/glyphicons-halflings-regular.woff
68 silly gunzTarPerm extractEntry dist/fonts/glyphicons-halflings-regular.woff2
69 silly gunzTarPerm extractEntry dist/js/bootstrap.js
70 silly gunzTarPerm extractEntry dist/js/bootstrap.min.js
71 silly gunzTarPerm extractEntry dist/js/npm.js
72 silly gunzTarPerm extractEntry fonts/glyphicons-halflings-regular.eot
73 silly gunzTarPerm extractEntry fonts/glyphicons-halflings-regular.svg
74 silly gunzTarPerm extractEntry fonts/glyphicons-halflings-regular.ttf
75 silly gunzTarPerm extractEntry fonts/glyphicons-halflings-regular.woff
76 silly gunzTarPerm extractEntry fonts/glyphicons-halflings-regular.woff2
77 silly gunzTarPerm extractEntry grunt/bs-commonjs-generator.js
78 silly gunzTarPerm extractEntry grunt/bs-glyphicons-data-generator.js
79 silly gunzTarPerm extractEntry grunt/bs-lessdoc-parser.js
80 silly gunzTarPerm extractEntry grunt/bs-raw-files-generator.js
81 silly gunzTarPerm extractEntry grunt/change-version.js
82 silly gunzTarPerm extractEntry grunt/.jshintrc
83 silly gunzTarPerm extractEntry grunt/configBridge.json
84 silly gunzTarPerm extractEntry grunt/npm-shrinkwrap.json
85 silly gunzTarPerm extractEntry grunt/sauce_browsers.yml
86 silly gunzTarPerm extractEntry js/affix.js
87 silly gunzTarPerm extractEntry js/button.js
88 silly gunzTarPerm extractEntry js/carousel.js
89 silly gunzTarPerm extractEntry js/collapse.js
90 silly gunzTarPerm extractEntry js/dropdown.js
91 silly gunzTarPerm extractEntry js/alert.js
92 silly gunzTarPerm extractEntry js/popover.js
93 silly gunzTarPerm extractEntry js/scrollspy.js
94 silly gunzTarPerm extractEntry js/tab.js
95 silly gunzTarPerm extractEntry js/tooltip.js
96 silly gunzTarPerm extractEntry js/transition.js
97 silly gunzTarPerm extractEntry js/modal.js
98 silly gunzTarPerm extractEntry less/modals.less
99 silly gunzTarPerm extractEntry less/alerts.less
100 silly gunzTarPerm extractEntry less/bootstrap.less
101 silly gunzTarPerm extractEntry less/breadcrumbs.less
102 silly gunzTarPerm extractEntry less/button-groups.less
103 silly gunzTarPerm extractEntry less/buttons.less
104 silly gunzTarPerm extractEntry less/carousel.less
105 silly gunzTarPerm extractEntry less/close.less
106 silly gunzTarPerm extractEntry less/code.less
107 silly gunzTarPerm extractEntry less/component-animations.less
108 silly gunzTarPerm extractEntry less/dropdowns.less
109 silly gunzTarPerm extractEntry less/forms.less
110 silly gunzTarPerm extractEntry less/glyphicons.less
111 silly gunzTarPerm extractEntry less/grid.less
112 silly gunzTarPerm extractEntry less/input-groups.less
113 silly gunzTarPerm extractEntry less/jumbotron.less
114 silly gunzTarPerm extractEntry less/labels.less
115 silly gunzTarPerm extractEntry less/list-group.less
116 silly gunzTarPerm extractEntry less/media.less
117 silly gunzTarPerm extractEntry less/mixins/nav-vertical-align.less
118 silly gunzTarPerm extractEntry less/mixins/alerts.less
119 silly gunzTarPerm extractEntry less/mixins/border-radius.less
120 silly gunzTarPerm extractEntry less/mixins/buttons.less
121 silly gunzTarPerm extractEntry less/mixins/center-block.less
122 silly gunzTarPerm extractEntry less/mixins/clearfix.less
123 silly gunzTarPerm extractEntry less/mixins/forms.less
124 silly gunzTarPerm extractEntry less/mixins/gradients.less
125 silly gunzTarPerm extractEntry less/mixins/grid-framework.less
126 silly gunzTarPerm extractEntry less/mixins/grid.less
127 silly gunzTarPerm extractEntry less/mixins/hide-text.less
128 silly gunzTarPerm extractEntry less/mixins/image.less
129 silly gunzTarPerm extractEntry less/mixins/labels.less
130 silly gunzTarPerm extractEntry less/mixins/list-group.less
131 silly gunzTarPerm extractEntry less/mixins/nav-divider.less
132 silly gunzTarPerm extractEntry less/mixins/background-variant.less
133 silly gunzTarPerm extractEntry less/mixins/opacity.less
134 silly gunzTarPerm extractEntry less/mixins/pagination.less
135 silly gunzTarPerm extractEntry less/mixins/panels.less
136 silly gunzTarPerm extractEntry less/mixins/progress-bar.less
137 silly gunzTarPerm extractEntry less/mixins/reset-filter.less
138 silly gunzTarPerm extractEntry less/mixins/reset-text.less
139 silly gunzTarPerm extractEntry less/mixins/resize.less
140 silly gunzTarPerm extractEntry less/mixins/responsive-visibility.less
141 silly gunzTarPerm extractEntry less/mixins/size.less
142 silly gunzTarPerm extractEntry less/mixins/tab-focus.less
143 silly gunzTarPerm extractEntry less/mixins/table-row.less
144 silly gunzTarPerm extractEntry less/mixins/text-emphasis.less
145 silly gunzTarPerm extractEntry less/mixins/text-overflow.less
146 silly gunzTarPerm extractEntry less/mixins/vendor-prefixes.less
147 silly gunzTarPerm extractEntry less/mixins.less
148 silly gunzTarPerm extractEntry less/badges.less
149 silly gunzTarPerm extractEntry less/navbar.less
150 silly gunzTarPerm extractEntry less/navs.less
151 silly gunzTarPerm extractEntry less/normalize.less
152 silly gunzTarPerm extractEntry less/pager.less
153 silly gunzTarPerm extractEntry less/pagination.less
154 silly gunzTarPerm extractEntry less/panels.less
155 silly gunzTarPerm extractEntry less/popovers.less
156 silly gunzTarPerm extractEntry less/print.less
157 silly gunzTarPerm extractEntry less/progress-bars.less
158 silly gunzTarPerm extractEntry less/responsive-embed.less
159 silly gunzTarPerm extractEntry less/responsive-utilities.less
160 silly gunzTarPerm extractEntry less/scaffolding.less
161 silly gunzTarPerm extractEntry less/tables.less
162 silly gunzTarPerm extractEntry less/theme.less
163 silly gunzTarPerm extractEntry less/thumbnails.less
164 silly gunzTarPerm extractEntry less/tooltip.less
165 silly gunzTarPerm extractEntry less/type.less
166 silly gunzTarPerm extractEntry less/utilities.less
167 silly gunzTarPerm extractEntry less/variables.less
168 silly gunzTarPerm extractEntry less/wells.less
169 silly lockFile c60abd2e--todo-app-node-modules-bootstrap tar:///home/luay3128/Workspaces/NodeJS/angular-todo-app/node_modules/bootstrap
170 silly lockFile c60abd2e--todo-app-node-modules-bootstrap tar:///home/luay3128/Workspaces/NodeJS/angular-todo-app/node_modules/bootstrap
171 silly lockFile a5c9cb36--npm-bootstrap-3-3-7-package-tgz tar:///home/luay3128/.npm/bootstrap/3.3.7/package.tgz
172 silly lockFile a5c9cb36--npm-bootstrap-3-3-7-package-tgz tar:///home/luay3128/.npm/bootstrap/3.3.7/package.tgz
173 info preinstall bootstrap@3.3.7
174 verbose readDependencies using package.json deps
175 verbose readDependencies using package.json deps
176 silly resolved []
177 verbose about to build /home/luay3128/Workspaces/NodeJS/angular-todo-app/node_modules/bootstrap
178 info build /home/luay3128/Workspaces/NodeJS/angular-todo-app/node_modules/bootstrap
179 verbose linkStuff [ false,
179 verbose linkStuff   false,
179 verbose linkStuff   false,
179 verbose linkStuff   '/home/luay3128/Workspaces/NodeJS/angular-todo-app/node_modules' ]
180 info linkStuff bootstrap@3.3.7
181 verbose linkBins bootstrap@3.3.7
182 verbose linkMans bootstrap@3.3.7
183 verbose rebuildBundles bootstrap@3.3.7
184 info install bootstrap@3.3.7
185 info postinstall bootstrap@3.3.7
186 error peerinvalid The package webpack does not satisfy its siblings' peerDependencies requirements!
186 error peerinvalid Peer extract-text-webpack-plugin@2.0.0-beta.4 wants webpack@^2.1.0-beta.19
186 error peerinvalid Peer sass-loader@4.1.1 wants webpack@^2 || ^2.2.0-rc.0 || ^2.1.0-beta || ^1.12.6
186 error peerinvalid Peer bootstrap-loader@2.0.0-beta.19 wants webpack@^2.1.0-beta || ^2.2.0-rc.0
187 error System Linux 3.16.0-30-generic
188 error command "/usr/bin/nodejs" "/usr/bin/npm" "install" "--save" "bootstrap"
189 error cwd /home/luay3128/Workspaces/NodeJS/angular-todo-app
190 error node -v v0.10.25
191 error npm -v 1.3.10
192 error code EPEERINVALID
193 verbose exit [ 1, true ]
